<?xml version="1.0" encoding="UTF-8"?>
<!-- Generated by org.testng.reporters.JUnitReportReporter -->
<testsuite hostname="BestInTheWorld" failures="0" tests="5" name="maven_01.Testng_02" time="0.007" errors="0" timestamp="2023-07-16T20:14:15 IST" skipped="0">
  <testcase classname="maven_01.Testng_02" name="method3" time="0.003"/>
  <system-out/>
  <testcase classname="maven_01.Testng_02" name="method1" time="0.001"/>
  <system-out/>
  <testcase classname="maven_01.Testng_02" name="method5" time="0.001"/>
  <system-out/>
  <testcase classname="maven_01.Testng_02" name="method4" time="0.002"/>
  <system-out/>
  <testcase classname="maven_01.Testng_02" name="method2" time="0.000"/>
  <system-out/>
</testsuite> <!-- maven_01.Testng_02 -->
