<?xml version="1.0" encoding="UTF-8"?>
<!-- Generated by org.testng.reporters.JUnitReportReporter -->
<testsuite hostname="BestInTheWorld" failures="0" tests="4" name="maven_01.TestNG_3" time="0.002" errors="0" timestamp="2023-07-16T20:14:15 IST" skipped="0">
  <testcase classname="maven_01.TestNG_3" name="close" time="0.000"/>
  <system-out/>
  <testcase classname="maven_01.TestNG_3" name="launch" time="0.001"/>
  <system-out/>
  <testcase classname="maven_01.TestNG_3" name="open" time="0.000"/>
  <system-out/>
  <testcase classname="maven_01.TestNG_3" name="zzz" time="0.001"/>
  <system-out/>
</testsuite> <!-- maven_01.TestNG_3 -->
