<?xml version="1.0" encoding="UTF-8"?>
<!-- Generated by org.testng.reporters.JUnitReportReporter -->
<testsuite hostname="BestInTheWorld" failures="0" tests="3" name="maven_01.Testcase" time="38.583" errors="0" timestamp="2023-07-16T20:14:15 IST" skipped="0">
  <testcase classname="maven_01.Testcase" name="testcase1" time="12.849"/>
  <system-out/>
  <testcase classname="maven_01.Testcase" name="testcase3" time="12.552"/>
  <system-out/>
  <testcase classname="maven_01.Testcase" name="testcase2" time="13.182"/>
  <system-out/>
</testsuite> <!-- maven_01.Testcase -->
