<?xml version="1.0" encoding="UTF-8"?>
<!-- Generated by org.testng.reporters.JUnitReportReporter -->
<testsuite hostname="BestInTheWorld" failures="0" tests="1" name="maven_01.AnnotationstenstNG" time="0.009" errors="0" timestamp="2023-07-14T08:45:53 IST" skipped="0">
  <testcase classname="maven_01.AnnotationstenstNG" name="test2" time="0.009"/>
  <system-out/>
</testsuite> <!-- maven_01.AnnotationstenstNG -->
