<?xml version="1.0" encoding="UTF-8"?>
<!-- Generated by org.testng.reporters.JUnitReportReporter -->
<testsuite hostname="BestInTheWorld" failures="0" tests="1" name="maven_01.Class_01" time="0.006" errors="0" timestamp="2023-07-14T08:45:53 IST" skipped="0">
  <testcase classname="maven_01.Class_01" name="close" time="0.006"/>
  <system-out/>
</testsuite> <!-- maven_01.Class_01 -->
