<?xml version="1.0" encoding="UTF-8"?>
<!-- Generated by org.testng.reporters.JUnitReportReporter -->
<testsuite hostname="BestInTheWorld" failures="0" tests="3" name="maven_01.DataProvider" time="28.440" errors="0" timestamp="2023-07-07T08:47:08 IST" skipped="0">
  <testcase classname="maven_01.DataProvider" name="enterDetails" time="9.425"/>
  <system-out/>
  <testcase classname="maven_01.DataProvider" name="enterDetails" time="12.496"/>
  <system-out/>
  <testcase classname="maven_01.DataProvider" name="enterDetails" time="6.519"/>
  <system-out/>
</testsuite> <!-- maven_01.DataProvider -->
