<?xml version="1.0" encoding="UTF-8"?>
<!-- Generated by org.testng.reporters.JUnitReportReporter -->
<testsuite hostname="BestInTheWorld" failures="0" tests="2" name="maven_01.Parameter" time="3.134" errors="0" timestamp="2023-07-07T08:50:49 IST" skipped="0">
  <testcase classname="maven_01.Parameter" name="Parameter01" time="0.388"/>
  <system-out/>
  <testcase classname="maven_01.Parameter" name="enterDetails" time="2.746"/>
  <system-out/>
</testsuite> <!-- maven_01.Parameter -->
