<?xml version="1.0" encoding="UTF-8"?>
<!-- Generated by org.testng.reporters.JUnitReportReporter -->
<testsuite hostname="BestInTheWorld" failures="0" tests="1" name="maven_01.Testng_02" time="0.005" errors="0" timestamp="2023-07-07T08:47:08 IST" skipped="0">
  <testcase classname="maven_01.Testng_02" name="method2" time="0.005"/>
  <system-out/>
</testsuite> <!-- maven_01.Testng_02 -->
