<?xml version="1.0" encoding="UTF-8"?>
<!-- Generated by org.testng.reporters.JUnitReportReporter -->
<testsuite hostname="BestInTheWorld" failures="0" tests="2" name="maven_01.AnnotationstenstNG" time="0.007" errors="0" timestamp="2023-07-16T20:18:30 IST" skipped="0">
  <testcase classname="maven_01.AnnotationstenstNG" name="test1" time="0.005"/>
  <system-out/>
  <testcase classname="maven_01.AnnotationstenstNG" name="test2" time="0.002"/>
  <system-out/>
</testsuite> <!-- maven_01.AnnotationstenstNG -->
